2019-09-19 17:47:58,302 - root - DEBUG - Auth/authenticate()
2019-09-19 17:47:58,303 - root - DEBUG - Auth/authenticate() --> needed to authenticate
2019-09-19 17:47:58,303 - root - DEBUG - RSA_auth/get_session_token() function started
2019-09-19 17:47:58,303 - root - DEBUG - RSA_auth/getJWT() function started
2019-09-19 17:47:59,360 - root - DEBUG - RSA/session token success
2019-09-19 17:47:59,360 - root - DEBUG - RSA_auth/get_keyauth()
2019-09-19 17:47:59,360 - root - DEBUG - RSA_auth/getJWT() function started
2019-09-19 17:48:00,397 - root - DEBUG - RSA/keymanager token success
2019-09-19 17:48:00,397 - root - INFO - DataFeedEventService/startDataFeed()
2019-09-19 17:48:00,397 - root - DEBUG - DataFeedClient/create_datafeed()
2019-09-19 17:48:02,144 - root - DEBUG - DataFeedClient/read_datafeed()
2019-09-19 17:48:13,790 - root - DEBUG - DataFeedEventService/read_datafeed() --> Incoming data from read_datafeed(): {'messageSent': {'message': {'messageId': 'sbs-RbtKd9Nj7jt87BpfBH___pK3E-9IbQ', 'timestamp': 1568886493367, 'message': '<div data-format="PresentationML" data-version="2.0" class="wysiwyg"><p>graph o39.si</p></div>', 'data': '{}', 'user': {'userId': 347583113331852, 'firstName': 'Jawen', 'lastName': 'Voon', 'displayName': 'Jawen Voon', 'email': 'jawen.voon@zuhlke.com', 'username': 'jawen.voon@zuhlke.com'}, 'stream': {'streamId': 'vyapk2mAPKj_zYjPAmC9P3___pMQSzoZdA', 'streamType': 'ROOM'}, 'externalRecipients': False, 'userAgent': 'DESKTOP-40.0.0-10688-Windows-10-Chrome-76.0.3809.132', 'originalFormat': 'com.symphony.messageml.v2'}}}
2019-09-19 17:48:13,790 - root - DEBUG - UserClient/get_session_user()
2019-09-19 17:48:14,787 - root - DEBUG - DataFeedEventService/handle_event()
2019-09-19 17:48:14,787 - root - DEBUG - msg_sent_handler function started
2019-09-19 17:48:14,787 - root - DEBUG - message received
2019-09-19 17:48:16,547 - root - DEBUG - MessageClient/send_msg()
2019-09-19 17:48:17,317 - root - DEBUG - DataFeedClient/read_datafeed()
2019-09-19 17:48:17,711 - root - DEBUG - DataFeedEventService/read_datafeed() --> Incoming data from read_datafeed(): {'messageSent': {'message': {'messageId': 'QfaeBe9eF2DZWJAwBr9NjH___pK3E-C4dA', 'timestamp': 1568886497100, 'message': '<div data-format="PresentationML" data-version="2.0">Here\'s the graph</div>', 'user': {'userId': 347583113331867, 'displayName': 'Z-bot-1', 'email': 'zsg_bot1@zuhlke.com', 'username': 'zsg_bot1@zuhlke.com'}, 'stream': {'streamId': 'vyapk2mAPKj_zYjPAmC9P3___pMQSzoZdA', 'streamType': 'ROOM'}, 'externalRecipients': False, 'userAgent': 'Agent-2.55.10-Linux-4.14.123-86.109.amzn1.x86_64', 'originalFormat': 'com.symphony.messageml.v2'}}}
2019-09-19 17:48:17,712 - root - DEBUG - DataFeedClient/read_datafeed()
2019-09-19 17:48:26,216 - root - DEBUG - DataFeedEventService/read_datafeed() --> Incoming data from read_datafeed(): {'messageSent': {'message': {'messageId': 'iJZG0BoXpkfcRm1eoUvQ5n___pK3E75vbQ', 'timestamp': 1568886505872, 'message': '<div data-format="PresentationML" data-version="2.0" class="wysiwyg"><p>quote g3b.si</p></div>', 'data': '{}', 'user': {'userId': 347583113331852, 'firstName': 'Jawen', 'lastName': 'Voon', 'displayName': 'Jawen Voon', 'email': 'jawen.voon@zuhlke.com', 'username': 'jawen.voon@zuhlke.com'}, 'stream': {'streamId': 'vyapk2mAPKj_zYjPAmC9P3___pMQSzoZdA', 'streamType': 'ROOM'}, 'externalRecipients': False, 'userAgent': 'DESKTOP-40.0.0-10688-Windows-10-Chrome-76.0.3809.132', 'originalFormat': 'com.symphony.messageml.v2'}}}
2019-09-19 17:48:26,216 - root - DEBUG - DataFeedEventService/handle_event()
2019-09-19 17:48:26,216 - root - DEBUG - msg_sent_handler function started
2019-09-19 17:48:26,216 - root - DEBUG - message received
2019-09-19 17:48:26,217 - root - DEBUG - MessageClient/send_msg()
2019-09-19 17:48:27,834 - root - DEBUG - MessageClient/send_msg()
2019-09-19 17:48:28,318 - root - DEBUG - DataFeedClient/read_datafeed()
2019-09-19 17:48:28,715 - root - DEBUG - DataFeedEventService/read_datafeed() --> Incoming data from read_datafeed(): {'messageSent': {'message': {'messageId': '-6fTXJ7mkvDcEO_ubO1HWX___pK3E7xOdA', 'timestamp': 1568886506422, 'message': '<div data-format="PresentationML" data-version="2.0">Ok, wait a bit while I retrieve quote for G3B.SI...</div>', 'user': {'userId': 347583113331867, 'displayName': 'Z-bot-1', 'email': 'zsg_bot1@zuhlke.com', 'username': 'zsg_bot1@zuhlke.com'}, 'stream': {'streamId': 'vyapk2mAPKj_zYjPAmC9P3___pMQSzoZdA', 'streamType': 'ROOM'}, 'externalRecipients': False, 'userAgent': 'Agent-2.55.10-Linux-4.14.123-86.109.amzn1.x86_64', 'originalFormat': 'com.symphony.messageml.v2'}}}
2019-09-19 17:48:28,716 - root - DEBUG - DataFeedClient/read_datafeed()
2019-09-19 17:48:57,047 - root - DEBUG - DataFeedEventService/read_datafeed() --> Incoming data from read_datafeed(): {'messageSent': {'message': {'messageId': 'sicXzjJ7hBCl1sd1rBCxwn___pK3E0X-bQ', 'timestamp': 1568886536705, 'message': '<div data-format="PresentationML" data-version="2.0" class="wysiwyg"><p>chart o39.si</p></div>', 'data': '{}', 'user': {'userId': 347583113331852, 'firstName': 'Jawen', 'lastName': 'Voon', 'displayName': 'Jawen Voon', 'email': 'jawen.voon@zuhlke.com', 'username': 'jawen.voon@zuhlke.com'}, 'stream': {'streamId': 'vyapk2mAPKj_zYjPAmC9P3___pMQSzoZdA', 'streamType': 'ROOM'}, 'externalRecipients': False, 'userAgent': 'DESKTOP-40.0.0-10688-Windows-10-Chrome-76.0.3809.132', 'originalFormat': 'com.symphony.messageml.v2'}}}
2019-09-19 17:48:57,047 - root - DEBUG - DataFeedEventService/handle_event()
2019-09-19 17:48:57,047 - root - DEBUG - msg_sent_handler function started
2019-09-19 17:48:57,047 - root - DEBUG - message received
2019-09-19 17:48:57,047 - root - DEBUG - MessageClient/send_msg()
2019-09-19 17:48:57,491 - root - DEBUG - DataFeedClient/read_datafeed()
2019-09-19 17:48:57,865 - root - DEBUG - DataFeedEventService/read_datafeed() --> Incoming data from read_datafeed(): {'messageSent': {'message': {'messageId': 'n9y6SNytDu0xYCvX928CH3___pK3E0PCdA', 'timestamp': 1568886537282, 'message': '<div data-format="PresentationML" data-version="2.0">Yes Jawen yes!</div>', 'user': {'userId': 347583113331867, 'displayName': 'Z-bot-1', 'email': 'zsg_bot1@zuhlke.com', 'username': 'zsg_bot1@zuhlke.com'}, 'stream': {'streamId': 'vyapk2mAPKj_zYjPAmC9P3___pMQSzoZdA', 'streamType': 'ROOM'}, 'externalRecipients': False, 'userAgent': 'Agent-2.55.10-Linux-4.14.123-86.109.amzn1.x86_64', 'originalFormat': 'com.symphony.messageml.v2'}}}
2019-09-19 17:48:57,865 - root - DEBUG - DataFeedClient/read_datafeed()
